OpenJDK 64-Bit Server VM warning: Using the DefNew young collector with the CMS collector is deprecated and will likely be removed in a future release
OpenJDK 64-Bit Server VM warning: UseCMSCompactAtFullCollection is deprecated and will likely be removed in a future release.
java.net.BindException: 地址已在使用
	at sun.nio.ch.Net.bind0(Native Method)
	at sun.nio.ch.Net.bind(Net.java:463)
	at sun.nio.ch.Net.bind(Net.java:455)
	at sun.nio.ch.ServerSocketChannelImpl.bind(ServerSocketChannelImpl.java:233)
	at io.netty.channel.socket.nio.NioServerSocketChannel.doBind(NioServerSocketChannel.java:127)
	at io.netty.channel.AbstractChannel$AbstractUnsafe.bind(AbstractChannel.java:501)
	at io.netty.channel.DefaultChannelPipeline$HeadContext.bind(DefaultChannelPipeline.java:1218)
	at io.netty.channel.AbstractChannelHandlerContext.invokeBind(AbstractChannelHandlerContext.java:506)
	at io.netty.channel.AbstractChannelHandlerContext.bind(AbstractChannelHandlerContext.java:491)
	at io.netty.channel.DefaultChannelPipeline.bind(DefaultChannelPipeline.java:965)
	at io.netty.channel.AbstractChannel.bind(AbstractChannel.java:210)
	at io.netty.bootstrap.AbstractBootstrap$2.run(AbstractBootstrap.java:353)
	at io.netty.util.concurrent.SingleThreadEventExecutor.runAllTasks(SingleThreadEventExecutor.java:408)
	at io.netty.channel.nio.NioEventLoop.run(NioEventLoop.java:455)
	at io.netty.util.concurrent.SingleThreadEventExecutor$2.run(SingleThreadEventExecutor.java:140)
	at java.lang.Thread.run(Thread.java:855)
java.lang.RuntimeException: Lock failed,MQ already started
	at org.apache.rocketmq.store.DefaultMessageStore.start(DefaultMessageStore.java:227)
	at org.apache.rocketmq.broker.BrokerController.start(BrokerController.java:853)
	at org.apache.rocketmq.broker.BrokerStartup.start(BrokerStartup.java:64)
	at org.apache.rocketmq.broker.BrokerStartup.main(BrokerStartup.java:58)
OpenJDK 64-Bit Server VM warning: Using the DefNew young collector with the CMS collector is deprecated and will likely be removed in a future release
OpenJDK 64-Bit Server VM warning: UseCMSCompactAtFullCollection is deprecated and will likely be removed in a future release.
The Name Server boot success. serializeType=JSON
The broker[10-1-120-57, 172.19.0.1:10911] boot success. serializeType=JSON
OpenJDK 64-Bit Server VM warning: Using the DefNew young collector with the CMS collector is deprecated and will likely be removed in a future release
OpenJDK 64-Bit Server VM warning: UseCMSCompactAtFullCollection is deprecated and will likely be removed in a future release.
The Name Server boot success. serializeType=JSON
The broker[10-1-120-57, 172.20.0.1:10911] boot success. serializeType=JSON
